2025-05-28 13:19:39,229 | Action: Employee Updated by Apurv Malviya | Details: Employee 'Chandresh Srivas' with ID 62 was updated.
2025-05-28 15:10:43,590 | Action: Employee Apurv Malviya lOGIN | Details: Employee 'Apurv Malviya' with ID 1 was LOGIN.
2025-05-28 15:11:30,778 | Action: Employee Apurv Malviya lOGIN | Details: Employee 'Apurv Malviya' with ID 1 was LOGIN.
2025-05-28 15:15:03,321 | Action: Employee Apurv Malviya lOGIN | Details: Employee 'Apurv Malviya' with ID 1 was LOGIN.
2025-05-28 15:26:30,847 | Action: Employee Apurv Malviya lOGIN | Details: Employee 'Apurv Malviya' with ID 1 was LOGIN.
2025-05-28 15:33:32,964 | Action: Employee Apurv Malviya lOGIN | Details: Employee 'Apurv Malviya' with ID 1 was LOGIN.
2025-05-28 15:34:10,957 | Action: Employee Apurv Malviya lOGIN | Details: Employee 'Apurv Malviya' with ID 1 was LOGIN.
2025-05-28 18:07:13,314 | Action: Employee Apurv Malviya Finish Process | Details: Employee Finish Process of Chandresh Srivas
2025-05-28 18:07:46,069 | Action: Employee Inactive by Apurv Malviya | Details: Employee 'nikhil' with ID 11 was soft-deleted.
2025-05-29 12:05:26,237 | Action: Employee Apurv Malviya lOGIN | Details: Employee 'Apurv Malviya' with ID 1 was LOGIN.
2025-05-29 14:29:08,863 | Action: Employee Apurv Malviya lOGIN | Details: Employee 'Apurv Malviya' with ID 1 was LOGIN.
2025-05-29 14:30:46,145 | Action: Employee Apurv Malviya lOGIN | Details: Employee 'Apurv Malviya' with ID 1 was LOGIN.
2025-05-29 15:10:49,233 | Action: Employee Apurv Malviya Apply for Leave | Details: Employee 'Apurv Malviya' with ID 1 Apply for 1 days leave.
2025-05-29 16:27:59,164 | Action: Employee Apurv Malviya lOGIN | Details: Employee 'Apurv Malviya' with ID 1 was LOGIN.
2025-05-29 16:29:35,265 | Action: Employee Apurv Malviya lOGIN | Details: Employee 'Apurv Malviya' with ID 1 was LOGIN.
2025-05-29 16:54:24,178 | Action: Employee Apurv Malviya lOGIN | Details: Employee 'Apurv Malviya' with ID 1 was LOGIN.
2025-05-29 16:54:59,328 | Action: Employee Apurv Malviya lOGIN | Details: Employee 'Apurv Malviya' with ID 1 was LOGIN.
2025-05-29 17:01:46,112 | Action: Employee Apurv Malviya lOGIN | Details: Employee 'Apurv Malviya' with ID 1 was LOGIN.
2025-05-29 17:59:32,489 | Action: Employee Apurv Malviya lOGIN | Details: Employee 'Apurv Malviya' with ID 1 was LOGIN.
2025-05-29 18:07:51,608 | Action: Employee Apurv Malviya lOGIN | Details: Employee 'Apurv Malviya' with ID 1 was LOGIN.
2025-05-30 11:57:55,832 | Action: Employee Apurv Malviya lOGIN | Details: Employee 'Apurv Malviya' with ID 1 was LOGIN.
2025-05-30 12:19:01,470 | Action: Employee Apurv Malviya lOGIN | Details: Employee 'Apurv Malviya' with ID 1 was LOGIN.
2025-05-30 14:02:30,404 | Action: Employee Register by Apurv Malviya | Details: Employee 'Support' with ID 65 was Added.
2025-05-30 14:11:27,231 | Action: Employee Apurv Malviya LOGIN | Details: Employee 'Apurv Malviya' with ID 1 logged in.
2025-05-30 15:59:12,641 | Action: Employee Apurv Malviya LOGIN | Details: Employee 'Apurv Malviya' with ID 1 logged in.
2025-05-30 16:04:43,235 | Action: Employee Apurv Malviya LOGIN | Details: Employee 'Apurv Malviya' with ID 1 logged in.
2025-05-30 16:09:31,425 | Action: Employee Apurv Malviya LOGIN | Details: Employee 'Apurv Malviya' with ID 1 logged in.
2025-05-30 16:10:05,374 | Action: Employee Updated by Apurv Malviya | Details: Employee 'Apurv Malviya' with ID 1 was updated.
2025-05-30 16:10:28,092 | Action: Employee Updated by Apurv Malviya | Details: Employee 'Apurv Malviya' with ID 1 was updated.
2025-05-30 17:31:07,805 | Action: Employee Apurv Malviya LOGIN | Details: Employee 'Apurv Malviya' with ID 1 logged in.
2025-05-30 17:31:25,976 | Action: Employee Apurv Malviya LOGIN | Details: Employee 'Apurv Malviya' with ID 1 logged in.
2025-05-30 17:33:11,691 | Action: Employee Apurv Malviya LOGIN | Details: Employee 'Apurv Malviya' with ID 1 logged in.
2025-05-30 17:36:05,843 | Action: Employee Apurv Malviya LOGIN | Details: Employee 'Apurv Malviya' with ID 1 logged in.
2025-05-30 17:37:13,098 | Action: Employee Apurv Malviya LOGIN | Details: Employee 'Apurv Malviya' with ID 1 logged in.
2025-05-30 17:44:09,239 | Action: Employee Apurv Malviya LOGIN | Details: Employee 'Apurv Malviya' with ID 1 logged in.
2025-05-30 17:44:20,345 | Action: Employee Apurv Malviya LOGIN | Details: Employee 'Apurv Malviya' with ID 1 logged in.
2025-05-30 17:44:38,273 | Action: Employee Apurv Malviya LOGIN | Details: Employee 'Apurv Malviya' with ID 1 logged in.
2025-05-30 17:50:46,529 | Action: Employee Apurv Malviya LOGIN | Details: Employee 'Apurv Malviya' with ID 1 logged in.
2025-05-30 17:52:35,643 | Action: Employee Apurv Malviya LOGIN | Details: Employee 'Apurv Malviya' with ID 1 logged in.
2025-05-30 17:52:44,168 | Action: Employee Apurv Malviya LOGIN | Details: Employee 'Apurv Malviya' with ID 1 logged in.
2025-05-30 18:28:37,605 | Action: Employee Apurv Malviya LOGIN | Details: Employee 'Apurv Malviya' with ID 1 logged in.
2025-05-31 12:25:22,778 | Action: Employee Apurv Malviya LOGIN | Details: Employee 'Apurv Malviya' with ID 1 logged in.
2025-05-31 12:59:48,344 | Action: Employee Apurv Malviya LOGIN | Details: Employee 'Apurv Malviya' with ID 1 logged in.
2025-05-31 14:42:19,961 | Action: Employee Apurv Malviya LOGIN | Details: Employee 'Apurv Malviya' with ID 1 logged in.
2025-06-03 16:12:47,899 | Action: Employee Apurv Malviya LOGIN | Details: Employee 'Apurv Malviya' with ID 1 logged in.
2025-06-04 15:26:02,205 | Action: Employee Apurv Malviya LOGIN | Details: Employee 'Apurv Malviya' with ID 1 logged in.
2025-06-04 17:14:01,548 | Action: Employee Apurv Malviya LOGIN | Details: Employee 'Apurv Malviya' with ID 1 logged in.
2025-06-04 17:15:14,283 | Action: Employee Apurv Malviya LOGIN | Details: Employee 'Apurv Malviya' with ID 1 logged in.
2025-06-05 12:24:09,517 | Action: Employee Apurv Malviya LOGIN | Details: Employee 'Apurv Malviya' with ID 1 logged in.
2025-06-05 12:29:41,719 | Action: Employee Apurv Malviya LOGIN | Details: Employee 'Apurv Malviya' with ID 1 logged in.
2025-06-05 12:31:17,627 | Action: Employee Apurv Malviya LOGIN | Details: Employee 'Apurv Malviya' with ID 1 logged in.
2025-06-06 13:12:37,845 | Action: Employee Apurv Malviya LOGIN | Details: Employee 'Apurv Malviya' with ID 1 logged in.
2025-06-06 14:31:34,071 | Action: Employee Apurv Malviya LOGIN | Details: Employee 'Apurv Malviya' with ID 1 logged in.
2025-06-11 14:05:55,682 | Action: Employee Apurv Malviya LOGIN | Details: Employee 'Apurv Malviya' with ID 1 logged in.
2025-06-11 14:15:00,104 | Action: Employee Apurv Malviya LOGIN | Details: Employee 'Apurv Malviya' with ID 1 logged in.
2025-06-11 16:11:34,681 | Action: Employee Apurv Malviya LOGIN | Details: Employee 'Apurv Malviya' with ID 1 logged in.
2025-06-11 18:21:25,885 | Action: Employee Apurv Malviya LOGIN | Details: Employee 'Apurv Malviya' with ID 1 logged in.
2025-06-11 18:21:51,189 | Action: Employee Apurv Malviya LOGIN | Details: Employee 'Apurv Malviya' with ID 1 logged in.
