2025-05-23 14:31:21,487 | Action: CREATE_EMPLOYEE | By: apurvmalviya@gmail.com | Details: Employee 'Devrag' created with ID 64.
2025-05-23 14:40:09,094 | Action: Employee Login | By: yash@gmail.com | Details: Employee 'Yash Anant Malviya' logged in with at time 2025-05-23 14:40:09.
2025-05-23 14:42:00,684 | Action: Employee Login | By: Anonymous | Details: Employee 'None' logged in with at time 2025-05-23 14:42:00.
2025-05-23 14:42:08,739 | Action: Employee Login | By: apurvmalviya@gmail.com | Details: Employee 'Apurv Malviya' logged in with at time 2025-05-23 14:42:08.
2025-05-23 14:44:35,453 | Action: Employee Logout | By: apurvmalviya@gmail.com | Details: Employee 'Apurv Malviya' logged out with at time 2025-05-23 14:44:35.
2025-05-23 14:45:49,572 | Action: Employee Login | By: apurvmalviya@gmail.com | Details: Employee 'Apurv Malviya' logged in with at time 2025-05-23 14:45:49.
2025-05-23 14:46:12,232 | Action: UPDATE_EMPLOYEE | By: apurvmalviya@gmail.com | Details: Employee 'Devrag' created with ID 64.
2025-05-23 14:54:26,023 | Action: LEAVE STATUS CHANGE | By: apurvmalviya@gmail.com | Details: LEAVE 'Medical Leave' changed status is inactive.
2025-05-23 14:59:12,014 | Action: LEAVE STATUS | By: apurvmalviya@gmail.com | Details: Employee 'Apurv Malviya' leave is Approved.
2025-05-23 15:01:49,713 | Action: LEAVE_APPLY | By: apurvmalviya@gmail.com | Details: Employee 'Apurv Malviya' apply for leave of 1.
2025-05-23 15:04:15,385 | Action: LEAVE_APPLY | By: apurvmalviya@gmail.com | Details: Employee 'Apurv Malviya' apply for leave of 1 day
2025-05-24 12:07:44,141 | Action: UPDATE_EMPLOYEE | By: apurvmalviya@gmail.com | Details: Employee 'Chandresh Srivas' update with ID 62.
2025-05-24 17:04:06,413 | Action: Employee Logout | By: apurvmalviya@gmail.com | Details: Employee 'Apurv Malviya' logged out with at time 2025-05-24 17:04:06.
2025-05-24 17:04:11,622 | Action: Employee Login | By: yash@gmail.com | Details: Employee 'Yash Anant Malviya' logged in with at time 2025-05-24 17:04:11.
2025-05-24 17:05:56,699 | Action: LEAVE_APPLY | By: yash@gmail.com | Details: Employee 'Yash Anant Malviya' apply for leave of 1 day
2025-05-24 17:27:57,103 | Action: Employee Logout | By: yash@gmail.com | Details: Employee 'Yash Anant Malviya' logged out with at time 2025-05-24 17:27:57.
2025-05-24 17:29:05,549 | Action: Employee Login | By: apurvmalviya@gmail.com | Details: Employee 'Apurv Malviya' logged in with at time 2025-05-24 17:29:05.
2025-05-24 17:33:56,581 | Action: LEAVE_APPLY | By: apurvmalviya@gmail.com | Details: Employee 'Apurv Malviya' apply for leave of 3 day
2025-05-24 17:39:40,191 | Action: LEAVE_APPLY | By: apurvmalviya@gmail.com | Details: Employee 'Apurv Malviya' apply for leave of 1 day
2025-05-26 13:46:01,036 | Action: Employee Logout | By: apurvmalviya@gmail.com | Details: Employee 'Apurv Malviya' logged out with at time 2025-05-26 13:46:01.
2025-05-26 13:46:06,519 | Action: Employee Login | By: yash@gmail.com | Details: Employee 'Yash Anant Malviya' logged in with at time 2025-05-26 13:46:06.
2025-05-26 14:10:44,884 | Action: Employee Logout | By: yash@gmail.com | Details: Employee 'Yash Anant Malviya' logged out with at time 2025-05-26 14:10:44.
2025-05-26 14:11:14,900 | Action: Employee Login | By: yash@gmail.com | Details: Employee 'Yash Anant Malviya' logged in with at time 2025-05-26 14:11:14.
2025-05-26 14:11:53,682 | Action: Employee Logout | By: yash@gmail.com | Details: Employee 'Yash Anant Malviya' logged out with at time 2025-05-26 14:11:53.
2025-05-26 14:21:57,532 | Action: Employee Login | By: apurvmalviya@gmail.com | Details: Employee 'Apurv Malviya' logged in with at time 2025-05-26 14:21:57.
2025-05-26 14:49:16,983 | Action: Employee Logout | By: apurvmalviya@gmail.com | Details: Employee 'Apurv Malviya' logged out with at time 2025-05-26 14:49:16.
2025-05-26 14:49:24,939 | Action: Employee Login | By: yash@gmail.com | Details: Employee 'Yash Anant Malviya' logged in with at time 2025-05-26 14:49:24.
2025-05-26 14:49:41,773 | Action: Employee Logout | By: yash@gmail.com | Details: Employee 'Yash Anant Malviya' logged out with at time 2025-05-26 14:49:41.
2025-05-26 14:49:47,674 | Action: Employee Login | By: apurvmalviya@gmail.com | Details: Employee 'Apurv Malviya' logged in with at time 2025-05-26 14:49:47.
2025-05-26 16:01:18,628 | Action: UPDATE_EMPLOYEE | By: apurvmalviya@gmail.com | Details: Employee 'Gaurav Singh Bhandari' update with ID 5.
2025-05-26 16:03:40,298 | Action: UPDATE_EMPLOYEE | By: apurvmalviya@gmail.com | Details: Employee 'Gaurav Singh Bhandari' update with ID 5.
2025-05-27 14:29:45,091 | Action: Employee Logout | By: apurvmalviya@gmail.com | Details: Employee 'Apurv Malviya' logged out with at time 2025-05-27 14:29:45.
2025-05-27 14:29:49,950 | Action: Employee Login | By: apurvmalviya@gmail.com | Details: Employee 'Apurv Malviya' logged in at 2025-05-27 14:29:49.
2025-05-27 14:29:52,523 | Action: Employee Logout | By: apurvmalviya@gmail.com | Details: Employee 'Apurv Malviya' logged out with at time 2025-05-27 14:29:52.
2025-05-27 14:29:56,844 | Action: Employee Login | By: chandresh@gmail.com | Details: Employee 'Chandresh Srivas' logged in at 2025-05-27 14:29:56.
2025-05-27 14:29:59,326 | Action: Employee Logout | By: chandresh@gmail.com | Details: Employee 'Chandresh Srivas' logged out with at time 2025-05-27 14:29:59.
2025-05-27 14:30:11,638 | Action: Employee Logout | By: Anonymous | Details: Employee 'None' logged out with at time 2025-05-27 14:30:11.
2025-05-27 14:30:54,344 | Action: Employee Login | By: apurvmalviya@gmail.com | Details: Employee 'Apurv Malviya' logged in at 2025-05-27 14:30:54.
2025-05-27 14:30:57,486 | Action: Employee Logout | By: apurvmalviya@gmail.com | Details: Employee 'Apurv Malviya' logged out with at time 2025-05-27 14:30:57.
2025-05-27 14:34:05,366 | Action: Employee Login | By: apurvmalviya@gmail.com | Details: Employee 'Apurv Malviya' logged in at 2025-05-27 14:34:05.
2025-05-27 15:52:17,539 | Action: ACTIVATE_EMPLOYEE | By: apurvmalviya@gmail.com | Details: Employee 'Devrag' with ID 64.
2025-05-27 15:53:52,325 | Action: ACTIVATE_EMPLOYEE | By: apurvmalviya@gmail.com | Details: Employee 'Devrag' with ID 64.
2025-05-27 15:56:38,075 | Action: ACTIVATE_EMPLOYEE | By: apurvmalviya@gmail.com | Details: Employee 'Devrag' with ID 64.
2025-05-27 15:57:58,849 | Action: ACTIVATE_EMPLOYEE | By: apurvmalviya@gmail.com | Details: Employee 'Devrag' with ID 64.
2025-05-27 15:59:34,868 | Action: ACTIVATE_EMPLOYEE | By: apurvmalviya@gmail.com | Details: Employee 'Devrag' with ID 64.
2025-05-27 16:00:30,963 | Action: ACTIVATE_EMPLOYEE | By: apurvmalviya@gmail.com | Details: Employee 'Devrag' with ID 64.
2025-05-27 16:02:02,960 | Action: UPDATE_EMPLOYEE | By: apurvmalviya@gmail.com | Details: Employee 'Chandresh Srivas' update with ID 62.
2025-05-27 16:04:23,518 | Action: Employee Logout | By: apurvmalviya@gmail.com | Details: Employee 'Apurv Malviya' logged out with at time 2025-05-27 16:04:23.
2025-05-27 16:04:27,211 | Action: Employee Login | By: apurvmalviya@gmail.com | Details: Employee 'Apurv Malviya' logged in at 2025-05-27 16:04:27.
2025-05-27 16:06:35,806 | Action: LEAVE_APPLY | By: apurvmalviya@gmail.com | Details: Employee 'Apurv Malviya' apply for leave of 1 day
2025-05-27 16:11:16,121 | Action: Employee Logout | By: apurvmalviya@gmail.com | Details: Employee 'Apurv Malviya' logged out with at time 2025-05-27 16:11:16.
2025-05-27 16:27:10,410 | Action: Employee Logout | By: Anonymous | Details: Employee 'None' logged out with at time 2025-05-27 16:27:10.
2025-05-27 16:29:17,669 | Action: Employee Login | By: apurvmalviya@gmail.com | Details: Employee 'Apurv Malviya' logged in at 2025-05-27 16:29:17.
2025-05-27 16:29:47,138 | Action: LEAVE_APPLY | By: apurvmalviya@gmail.com | Details: Employee 'Apurv Malviya' apply for leave of 1 day
2025-05-27 17:26:28,385 | Action: Employee Logout | By: apurvmalviya@gmail.com | Details: Employee 'Apurv Malviya' logged out with at time 2025-05-27 17:26:28.
2025-05-27 17:26:33,278 | Action: Employee Login | By: chandresh@gmail.com | Details: Employee 'Chandresh Srivas' logged in at 2025-05-27 17:26:33.
2025-05-27 17:26:36,062 | Action: Employee Logout | By: chandresh@gmail.com | Details: Employee 'Chandresh Srivas' logged out with at time 2025-05-27 17:26:36.
2025-05-27 17:26:45,376 | Action: Employee Login | By: chandresh@gmail.com | Details: Employee 'Chandresh Srivas' logged in at 2025-05-27 17:26:45.
2025-05-27 17:27:13,506 | Action: Employee Logout | By: chandresh@gmail.com | Details: Employee 'Chandresh Srivas' logged out with at time 2025-05-27 17:27:13.
2025-05-27 17:27:18,031 | Action: Employee Login | By: nischal@gmail.com | Details: Employee 'Nischal Katara' logged in at 2025-05-27 17:27:18.
2025-05-27 17:27:30,967 | Action: Employee Logout | By: nischal@gmail.com | Details: Employee 'Nischal Katara' logged out with at time 2025-05-27 17:27:30.
2025-05-27 17:27:34,508 | Action: Employee Login | By: apurvmalviya@gmail.com | Details: Employee 'Apurv Malviya' logged in at 2025-05-27 17:27:34.
2025-05-27 17:55:04,500 | Action: Employee Logout | By: apurvmalviya@gmail.com | Details: Employee 'Apurv Malviya' logged out with at time 2025-05-27 17:55:04.
2025-05-27 17:55:09,385 | Action: Employee Login | By: gaurav@gmail.com | Details: Employee 'Gaurav Singh Bhandari' logged in at 2025-05-27 17:55:09.
2025-05-27 18:24:00,409 | Action: Employee Logout | By: gaurav@gmail.com | Details: Employee 'Gaurav Singh Bhandari' logged out with at time 2025-05-27 18:24:00.
2025-05-27 18:24:46,336 | Action: Employee Login | By: apurvmalviya@gmail.com | Details: Employee 'Apurv Malviya' logged in at 2025-05-27 18:24:46.
2025-05-27 18:24:56,409 | Action: ACTIVATE_EMPLOYEE | By: apurvmalviya@gmail.com | Details: Employee 'Chandresh Srivas' with ID 62.
2025-05-27 18:24:58,035 | Action: Employee Logout | By: apurvmalviya@gmail.com | Details: Employee 'Apurv Malviya' logged out with at time 2025-05-27 18:24:58.
2025-05-27 18:25:39,860 | Action: Employee Logout | By: Anonymous | Details: Employee 'None' logged out with at time 2025-05-27 18:25:39.
2025-05-27 18:25:58,076 | Action: Employee Logout | By: Anonymous | Details: Employee 'None' logged out with at time 2025-05-27 18:25:58.
2025-05-28 10:42:10,752 | Action: Employee Login | By: chandresh@gmail.com | Details: Employee 'Chandresh Srivas' logged in at 2025-05-28 10:42:10.
2025-05-28 10:42:13,231 | Action: Employee Logout | By: chandresh@gmail.com | Details: Employee 'Chandresh Srivas' logged out with at time 2025-05-28 10:42:13.
2025-05-28 10:42:17,321 | Action: Employee Login | By: apurvmalviya@gmail.com | Details: Employee 'Apurv Malviya' logged in at 2025-05-28 10:42:17.
2025-05-28 13:19:39,242 | Action: UPDATE_EMPLOYEE | By: apurvmalviya@gmail.com | Details: Employee 'Chandresh Srivas' update with ID 62.
2025-05-28 15:09:24,785 | Action: Employee Logout | By: apurvmalviya@gmail.com | Details: Employee 'Apurv Malviya' logged out with at time 2025-05-28 15:09:24.
2025-05-28 15:09:34,094 | Action: Employee Login | By: chandresh@gmail.com | Details: Employee 'Chandresh Srivas' logged in at 2025-05-28 15:09:34.
2025-05-28 15:10:39,818 | Action: Employee Logout | By: chandresh@gmail.com | Details: Employee 'Chandresh Srivas' logged out with at time 2025-05-28 15:10:39.
2025-05-28 15:10:43,590 | Action: Employee Login | By: apurvmalviya@gmail.com | Details: Employee 'Apurv Malviya' logged in at 2025-05-28 15:10:43.
2025-05-28 15:11:13,426 | Action: Employee Logout | By: apurvmalviya@gmail.com | Details: Employee 'Apurv Malviya' logged out with at time 2025-05-28 15:11:13.
2025-05-28 15:11:17,086 | Action: Employee Login | By: nischal@gmail.com | Details: Employee 'Nischal Katara' logged in at 2025-05-28 15:11:17.
2025-05-28 15:11:27,375 | Action: Employee Logout | By: nischal@gmail.com | Details: Employee 'Nischal Katara' logged out with at time 2025-05-28 15:11:27.
2025-05-28 15:11:30,778 | Action: Employee Login | By: apurvmalviya@gmail.com | Details: Employee 'Apurv Malviya' logged in at 2025-05-28 15:11:30.
2025-05-28 15:14:45,714 | Action: Employee Logout | By: apurvmalviya@gmail.com | Details: Employee 'Apurv Malviya' logged out with at time 2025-05-28 15:14:45.
2025-05-28 15:14:50,748 | Action: Employee Login | By: nischal@gmail.com | Details: Employee 'Nischal Katara' logged in at 2025-05-28 15:14:50.
2025-05-28 15:14:59,487 | Action: Employee Logout | By: nischal@gmail.com | Details: Employee 'Nischal Katara' logged out with at time 2025-05-28 15:14:59.
2025-05-28 15:15:03,321 | Action: Employee Login | By: apurvmalviya@gmail.com | Details: Employee 'Apurv Malviya' logged in at 2025-05-28 15:15:03.
2025-05-28 15:23:23,970 | Action: Employee Logout | By: apurvmalviya@gmail.com | Details: Employee 'Apurv Malviya' logged out with at time 2025-05-28 15:23:23.
2025-05-28 15:23:28,326 | Action: Employee Login | By: chandresh@gmail.com | Details: Employee 'Chandresh Srivas' logged in at 2025-05-28 15:23:28.
2025-05-28 15:26:26,446 | Action: Employee Logout | By: chandresh@gmail.com | Details: Employee 'Chandresh Srivas' logged out with at time 2025-05-28 15:26:26.
2025-05-28 15:26:30,847 | Action: Employee Login | By: apurvmalviya@gmail.com | Details: Employee 'Apurv Malviya' logged in at 2025-05-28 15:26:30.
2025-05-28 15:26:41,968 | Action: Employee Logout | By: apurvmalviya@gmail.com | Details: Employee 'Apurv Malviya' logged out with at time 2025-05-28 15:26:41.
2025-05-28 15:30:57,992 | Action: Employee Login | By: chandresh@gmail.com | Details: Employee 'Chandresh Srivas' logged in at 2025-05-28 15:30:57.
2025-05-28 15:33:09,010 | Action: Employee Logout | By: chandresh@gmail.com | Details: Employee 'Chandresh Srivas' logged out with at time 2025-05-28 15:33:09.
2025-05-28 15:33:12,793 | Action: Employee Login | By: nischal@gmail.com | Details: Employee 'Nischal Katara' logged in at 2025-05-28 15:33:12.
2025-05-28 15:33:28,844 | Action: Employee Logout | By: nischal@gmail.com | Details: Employee 'Nischal Katara' logged out with at time 2025-05-28 15:33:28.
2025-05-28 15:33:32,964 | Action: Employee Login | By: apurvmalviya@gmail.com | Details: Employee 'Apurv Malviya' logged in at 2025-05-28 15:33:32.
2025-05-28 15:33:37,323 | Action: Employee Logout | By: apurvmalviya@gmail.com | Details: Employee 'Apurv Malviya' logged out with at time 2025-05-28 15:33:37.
2025-05-28 15:33:41,022 | Action: Employee Login | By: nischal@gmail.com | Details: Employee 'Nischal Katara' logged in at 2025-05-28 15:33:41.
2025-05-28 15:33:52,322 | Action: Employee Logout | By: nischal@gmail.com | Details: Employee 'Nischal Katara' logged out with at time 2025-05-28 15:33:52.
2025-05-28 15:33:59,852 | Action: Employee Login | By: chandresh@gmail.com | Details: Employee 'Chandresh Srivas' logged in at 2025-05-28 15:33:59.
2025-05-28 15:34:07,293 | Action: Employee Logout | By: chandresh@gmail.com | Details: Employee 'Chandresh Srivas' logged out with at time 2025-05-28 15:34:07.
2025-05-28 15:34:10,957 | Action: Employee Login | By: apurvmalviya@gmail.com | Details: Employee 'Apurv Malviya' logged in at 2025-05-28 15:34:10.
2025-05-28 18:07:38,931 | Action: ACTIVATE_EMPLOYEE | By: apurvmalviya@gmail.com | Details: Employee 'Chandresh Srivas' with ID 62.
2025-05-28 18:07:54,098 | Action: ACTIVATE_EMPLOYEE | By: apurvmalviya@gmail.com | Details: Employee 'nikhil' with ID 11.
2025-05-29 12:04:43,441 | Action: Employee Logout | By: apurvmalviya@gmail.com | Details: Employee 'Apurv Malviya' logged out with at time 2025-05-29 12:04:43.
2025-05-29 12:04:47,244 | Action: Employee Logout | By: Anonymous | Details: Employee 'None' logged out with at time 2025-05-29 12:04:47.
2025-05-29 12:04:48,516 | Action: Employee Logout | By: Anonymous | Details: Employee 'None' logged out with at time 2025-05-29 12:04:48.
2025-05-29 12:05:26,237 | Action: Employee Login | By: apurvmalviya@gmail.com | Details: Employee 'Apurv Malviya' logged in at 2025-05-29 12:05:26.
2025-05-29 14:28:20,855 | Action: Employee Logout | By: apurvmalviya@gmail.com | Details: Employee 'Apurv Malviya' logged out with at time 2025-05-29 14:28:20.
2025-05-29 14:29:08,864 | Action: Employee Login | By: apurvmalviya@gmail.com | Details: Employee 'Apurv Malviya' logged in at 2025-05-29 14:29:08.
2025-05-29 14:29:31,214 | Action: Employee Logout | By: apurvmalviya@gmail.com | Details: Employee 'Apurv Malviya' logged out with at time 2025-05-29 14:29:31.
2025-05-29 14:30:46,145 | Action: Employee Login | By: apurvmalviya@gmail.com | Details: Employee 'Apurv Malviya' logged in at 2025-05-29 14:30:46.
2025-05-29 15:10:49,240 | Action: LEAVE_APPLY | By: apurvmalviya@gmail.com | Details: Employee 'Apurv Malviya' apply for leave of 1 day
2025-05-29 15:41:06,546 | Action: Employee Logout | By: apurvmalviya@gmail.com | Details: Employee 'Apurv Malviya' logged out with at time 2025-05-29 15:41:06.
2025-05-29 16:27:59,165 | Action: Employee Login | By: apurvmalviya@gmail.com | Details: Employee 'Apurv Malviya' logged in at 2025-05-29 16:27:59.
2025-05-29 16:29:27,286 | Action: Employee Logout | By: apurvmalviya@gmail.com | Details: Employee 'Apurv Malviya' logged out with at time 2025-05-29 16:29:27.
2025-05-29 16:29:28,791 | Action: Employee Logout | By: Anonymous | Details: Employee 'None' logged out with at time 2025-05-29 16:29:28.
2025-05-29 16:29:29,892 | Action: Employee Logout | By: Anonymous | Details: Employee 'None' logged out with at time 2025-05-29 16:29:29.
2025-05-29 16:29:35,265 | Action: Employee Login | By: apurvmalviya@gmail.com | Details: Employee 'Apurv Malviya' logged in at 2025-05-29 16:29:35.
2025-05-29 16:54:13,989 | Action: Employee Logout | By: apurvmalviya@gmail.com | Details: Employee 'Apurv Malviya' logged out with at time 2025-05-29 16:54:13.
2025-05-29 16:54:17,254 | Action: Employee Logout | By: Anonymous | Details: Employee 'None' logged out with at time 2025-05-29 16:54:17.
2025-05-29 16:54:24,178 | Action: Employee Login | By: apurvmalviya@gmail.com | Details: Employee 'Apurv Malviya' logged in at 2025-05-29 16:54:24.
2025-05-29 16:54:37,705 | Action: Employee Logout | By: apurvmalviya@gmail.com | Details: Employee 'Apurv Malviya' logged out with at time 2025-05-29 16:54:37.
2025-05-29 16:54:42,132 | Action: Employee Login | By: yash@gmail.com | Details: Employee 'Yash Anant Malviya' logged in at 2025-05-29 16:54:42.
2025-05-29 16:54:55,033 | Action: Employee Logout | By: yash@gmail.com | Details: Employee 'Yash Anant Malviya' logged out with at time 2025-05-29 16:54:55.
2025-05-29 16:54:59,328 | Action: Employee Login | By: apurvmalviya@gmail.com | Details: Employee 'Apurv Malviya' logged in at 2025-05-29 16:54:59.
2025-05-29 16:59:31,452 | Action: Employee Logout | By: apurvmalviya@gmail.com | Details: Employee 'Apurv Malviya' logged out with at time 2025-05-29 16:59:31.
2025-05-29 16:59:55,626 | Action: Employee Logout | By: Anonymous | Details: Employee 'None' logged out with at time 2025-05-29 16:59:55.
2025-05-29 17:01:46,113 | Action: Employee Login | By: apurvmalviya@gmail.com | Details: Employee 'Apurv Malviya' logged in at 2025-05-29 17:01:46.
2025-05-29 17:58:48,206 | Action: Employee Logout | By: apurvmalviya@gmail.com | Details: Employee 'Apurv Malviya' logged out with at time 2025-05-29 17:58:48.
2025-05-29 17:58:57,958 | Action: Employee Logout | By: Anonymous | Details: Employee 'None' logged out with at time 2025-05-29 17:58:57.
2025-05-29 17:59:32,490 | Action: Employee Login | By: apurvmalviya@gmail.com | Details: Employee 'Apurv Malviya' logged in at 2025-05-29 17:59:32.
2025-05-29 18:07:45,743 | Action: Employee Logout | By: apurvmalviya@gmail.com | Details: Employee 'Apurv Malviya' logged out with at time 2025-05-29 18:07:45.
2025-05-29 18:07:51,608 | Action: Employee Login | By: apurvmalviya@gmail.com | Details: Employee 'Apurv Malviya' logged in at 2025-05-29 18:07:51.
2025-05-30 11:11:03,917 | Action: Employee Logout | By: apurvmalviya@gmail.com | Details: Employee 'Apurv Malviya' logged out with at time 2025-05-30 11:11:03.
2025-05-30 11:14:54,364 | Action: Employee Login | By: yash@gmail.com | Details: Employee 'Yash Anant Malviya' logged in at 2025-05-30 11:14:54.
2025-05-30 11:16:39,855 | Action: Employee Logout | By: yash@gmail.com | Details: Employee 'Yash Anant Malviya' logged out with at time 2025-05-30 11:16:39.
2025-05-30 11:16:52,345 | Action: Employee Login | By: yash@gmail.com | Details: Employee 'Yash Anant Malviya' logged in at 2025-05-30 11:16:52.
2025-05-30 11:16:58,584 | Action: Employee Logout | By: yash@gmail.com | Details: Employee 'Yash Anant Malviya' logged out with at time 2025-05-30 11:16:58.
2025-05-30 11:20:12,652 | Action: Employee Login | By: yash@gmail.com | Details: Employee 'Yash Anant Malviya' logged in at 2025-05-30 11:20:12.
2025-05-30 11:22:01,036 | Action: Employee Logout | By: yash@gmail.com | Details: Employee 'Yash Anant Malviya' logged out with at time 2025-05-30 11:22:01.
2025-05-30 11:22:07,557 | Action: Employee Login | By: yash@gmail.com | Details: Employee 'Yash Anant Malviya' logged in at 2025-05-30 11:22:07.
2025-05-30 11:46:34,309 | Action: Employee Logout | By: yash@gmail.com | Details: Employee 'Yash Anant Malviya' logged out with at time 2025-05-30 11:46:34.
2025-05-30 11:50:30,961 | Action: Employee Login | By: nischal@gmail.com | Details: Employee 'Nischal Katara' logged in at 2025-05-30 11:50:30.
2025-05-30 11:53:00,923 | Action: Employee Logout | By: nischal@gmail.com | Details: Employee 'Nischal Katara' logged out with at time 2025-05-30 11:53:00.
2025-05-30 11:57:55,832 | Action: Employee Login | By: apurvmalviya@gmail.com | Details: Employee 'Apurv Malviya' logged in at 2025-05-30 11:57:55.
2025-05-30 12:17:25,212 | Action: Employee Logout | By: apurvmalviya@gmail.com | Details: Employee 'Apurv Malviya' logged out with at time 2025-05-30 12:17:25.
2025-05-30 12:19:01,470 | Action: Employee Login | By: apurvmalviya@gmail.com | Details: Employee 'Apurv Malviya' logged in at 2025-05-30 12:19:01.
2025-05-30 14:02:30,405 | Action: CREATE_EMPLOYEE | By: apurvmalviya@gmail.com | Details: Employee 'Support' created with ID 65.
2025-05-30 14:05:03,723 | Action: Employee Logout | By: apurvmalviya@gmail.com | Details: Employee 'Apurv Malviya' logged out with at time 2025-05-30 14:05:03.
2025-05-30 14:05:08,061 | Action: Employee Login | By: support@gmail.com | Details: Employee 'Support' logged in at 2025-05-30 14:05:08.
2025-05-30 14:05:21,551 | Action: Employee Logout | By: support@gmail.com | Details: Employee 'Support' logged out with at time 2025-05-30 14:05:21.
2025-05-30 14:05:25,923 | Action: Employee Login | By: support@gmail.com | Details: Employee 'Support' logged in at 2025-05-30 14:05:25.
2025-05-30 14:05:39,614 | Action: Employee Logout | By: support@gmail.com | Details: Employee 'Support' logged out with at time 2025-05-30 14:05:39.
2025-05-30 14:05:48,723 | Action: Employee Login | By: support@gmail.com | Details: Employee 'Support' logged in at 2025-05-30 14:05:48.
2025-05-30 14:06:48,315 | Action: Employee Logout | By: support@gmail.com | Details: Employee 'Support' logged out with at time 2025-05-30 14:06:48.
2025-05-30 14:06:53,871 | Action: Employee Login | By: support@gmail.com | Details: Employee 'Support' logged in at 2025-05-30 14:06:53.
2025-05-30 14:07:38,808 | Action: Employee Logout | By: support@gmail.com | Details: Employee 'Support' logged out with at time 2025-05-30 14:07:38.
2025-05-30 14:07:44,616 | Action: Employee Login | By: support@gmail.com | Details: Employee 'Support' logged in at 2025-05-30 14:07:44.
2025-05-30 14:08:23,465 | Action: Employee Logout | By: support@gmail.com | Details: Employee 'Support' logged out with at time 2025-05-30 14:08:23.
2025-05-30 14:08:30,552 | Action: Employee Login | By: chandresh@gmail.com | Details: Employee 'Chandresh Srivas' logged in at 2025-05-30 14:08:30.
2025-05-30 14:10:06,906 | Action: Employee Logout | By: chandresh@gmail.com | Details: Employee 'Chandresh Srivas' logged out with at time 2025-05-30 14:10:06.
2025-05-30 14:10:28,963 | Action: Employee Login | By: support@gmail.com | Details: Employee 'Support' logged in at 2025-05-30 14:10:28.
2025-05-30 14:10:56,274 | Action: Employee Logout | By: support@gmail.com | Details: Employee 'Support' logged out with at time 2025-05-30 14:10:56.
2025-05-30 14:11:27,232 | Action: Employee Login | By: apurvmalviya@gmail.com | Details: Employee 'Apurv Malviya' logged in at 2025-05-30 14:11:27.
2025-05-30 14:44:38,106 | Action: Employee Logout | By: apurvmalviya@gmail.com | Details: Employee 'Apurv Malviya' logged out with at time 2025-05-30 14:44:38.
2025-05-30 14:45:00,779 | Action: Employee Login | By: yash@gmail.com | Details: Employee 'Yash Anant Malviya' logged in at 2025-05-30 14:45:00.
2025-05-30 15:59:05,231 | Action: Employee Logout | By: yash@gmail.com | Details: Employee 'Yash Anant Malviya' logged out with at time 2025-05-30 15:59:05.
2025-05-30 15:59:12,642 | Action: Employee Login | By: apurvmalviya@gmail.com | Details: Employee 'Apurv Malviya' logged in at 2025-05-30 15:59:12.
2025-05-30 15:59:46,782 | Action: Employee Logout | By: apurvmalviya@gmail.com | Details: Employee 'Apurv Malviya' logged out with at time 2025-05-30 15:59:46.
2025-05-30 16:00:28,994 | Action: Employee Login | By: support@gmail.com | Details: Employee 'Support' logged in at 2025-05-30 16:00:28.
2025-05-30 16:04:38,936 | Action: Employee Logout | By: support@gmail.com | Details: Employee 'Support' logged out with at time 2025-05-30 16:04:38.
2025-05-30 16:04:43,236 | Action: Employee Login | By: apurvmalviya@gmail.com | Details: Employee 'Apurv Malviya' logged in at 2025-05-30 16:04:43.
2025-05-30 16:05:39,727 | Action: Employee Logout | By: apurvmalviya@gmail.com | Details: Employee 'Apurv Malviya' logged out with at time 2025-05-30 16:05:39.
2025-05-30 16:06:11,347 | Action: Employee Login | By: support@gmail.com | Details: Employee 'Support' logged in at 2025-05-30 16:06:11.
2025-05-30 16:06:52,551 | Action: Employee Logout | By: support@gmail.com | Details: Employee 'Support' logged out with at time 2025-05-30 16:06:52.
2025-05-30 16:07:15,663 | Action: Employee Login | By: yash@gmail.com | Details: Employee 'Yash Anant Malviya' logged in at 2025-05-30 16:07:15.
2025-05-30 16:08:48,035 | Action: Employee Logout | By: yash@gmail.com | Details: Employee 'Yash Anant Malviya' logged out with at time 2025-05-30 16:08:48.
2025-05-30 16:08:54,657 | Action: Employee Login | By: support@gmail.com | Details: Employee 'Support' logged in at 2025-05-30 16:08:54.
2025-05-30 16:09:19,080 | Action: Employee Logout | By: support@gmail.com | Details: Employee 'Support' logged out with at time 2025-05-30 16:09:19.
2025-05-30 16:09:31,425 | Action: Employee Login | By: apurvmalviya@gmail.com | Details: Employee 'Apurv Malviya' logged in at 2025-05-30 16:09:31.
2025-05-30 16:10:05,375 | Action: UPDATE_EMPLOYEE | By: apurvmalviya@gmail.com | Details: Employee 'Apurv Malviya' update with ID 1.
2025-05-30 16:10:28,096 | Action: UPDATE_EMPLOYEE | By: apurvmalviya@gmail.com | Details: Employee 'Apurv Malviya' update with ID 1.
2025-05-30 16:40:36,194 | Action: Employee Logout | By: apurvmalviya@gmail.com | Details: Employee 'Apurv Malviya' logged out with at time 2025-05-30 16:40:36.
2025-05-30 16:41:47,692 | Action: Employee Login | By: yash@gmail.com | Details: Employee 'Yash Anant Malviya' logged in at 2025-05-30 16:41:47.
2025-05-30 17:31:02,048 | Action: Employee Logout | By: yash@gmail.com | Details: Employee 'Yash Anant Malviya' logged out with at time 2025-05-30 17:31:02.
2025-05-30 17:31:07,806 | Action: Employee Login | By: apurvmalviya@gmail.com | Details: Employee 'Apurv Malviya' logged in at 2025-05-30 17:31:07.
2025-05-30 17:31:21,774 | Action: Employee Logout | By: apurvmalviya@gmail.com | Details: Employee 'Apurv Malviya' logged out with at time 2025-05-30 17:31:21.
2025-05-30 17:31:25,976 | Action: Employee Login | By: apurvmalviya@gmail.com | Details: Employee 'Apurv Malviya' logged in at 2025-05-30 17:31:25.
2025-05-30 17:33:07,625 | Action: Employee Logout | By: apurvmalviya@gmail.com | Details: Employee 'Apurv Malviya' logged out with at time 2025-05-30 17:33:07.
2025-05-30 17:33:11,691 | Action: Employee Login | By: apurvmalviya@gmail.com | Details: Employee 'Apurv Malviya' logged in at 2025-05-30 17:33:11.
2025-05-30 17:36:01,829 | Action: Employee Logout | By: apurvmalviya@gmail.com | Details: Employee 'Apurv Malviya' logged out with at time 2025-05-30 17:36:01.
2025-05-30 17:36:05,843 | Action: Employee Login | By: apurvmalviya@gmail.com | Details: Employee 'Apurv Malviya' logged in at 2025-05-30 17:36:05.
2025-05-30 17:37:09,360 | Action: Employee Logout | By: apurvmalviya@gmail.com | Details: Employee 'Apurv Malviya' logged out with at time 2025-05-30 17:37:09.
2025-05-30 17:37:13,098 | Action: Employee Login | By: apurvmalviya@gmail.com | Details: Employee 'Apurv Malviya' logged in at 2025-05-30 17:37:13.
2025-05-30 17:44:05,347 | Action: Employee Logout | By: apurvmalviya@gmail.com | Details: Employee 'Apurv Malviya' logged out with at time 2025-05-30 17:44:05.
2025-05-30 17:44:09,240 | Action: Employee Login | By: apurvmalviya@gmail.com | Details: Employee 'Apurv Malviya' logged in at 2025-05-30 17:44:09.
2025-05-30 17:44:15,119 | Action: Employee Logout | By: apurvmalviya@gmail.com | Details: Employee 'Apurv Malviya' logged out with at time 2025-05-30 17:44:15.
2025-05-30 17:44:20,345 | Action: Employee Login | By: apurvmalviya@gmail.com | Details: Employee 'Apurv Malviya' logged in at 2025-05-30 17:44:20.
2025-05-30 17:44:33,969 | Action: Employee Logout | By: apurvmalviya@gmail.com | Details: Employee 'Apurv Malviya' logged out with at time 2025-05-30 17:44:33.
2025-05-30 17:44:38,273 | Action: Employee Login | By: apurvmalviya@gmail.com | Details: Employee 'Apurv Malviya' logged in at 2025-05-30 17:44:38.
2025-05-30 17:50:42,264 | Action: Employee Logout | By: apurvmalviya@gmail.com | Details: Employee 'Apurv Malviya' logged out with at time 2025-05-30 17:50:42.
2025-05-30 17:50:46,529 | Action: Employee Login | By: apurvmalviya@gmail.com | Details: Employee 'Apurv Malviya' logged in at 2025-05-30 17:50:46.
2025-05-30 17:52:31,298 | Action: Employee Logout | By: apurvmalviya@gmail.com | Details: Employee 'Apurv Malviya' logged out with at time 2025-05-30 17:52:31.
2025-05-30 17:52:35,643 | Action: Employee Login | By: apurvmalviya@gmail.com | Details: Employee 'Apurv Malviya' logged in at 2025-05-30 17:52:35.
2025-05-30 17:52:40,057 | Action: Employee Logout | By: apurvmalviya@gmail.com | Details: Employee 'Apurv Malviya' logged out with at time 2025-05-30 17:52:40.
2025-05-30 17:52:44,168 | Action: Employee Login | By: apurvmalviya@gmail.com | Details: Employee 'Apurv Malviya' logged in at 2025-05-30 17:52:44.
2025-05-30 17:52:46,737 | Action: Employee Logout | By: apurvmalviya@gmail.com | Details: Employee 'Apurv Malviya' logged out with at time 2025-05-30 17:52:46.
2025-05-30 17:53:00,262 | Action: Employee Login | By: yash@gmail.com | Details: Employee 'Yash Anant Malviya' logged in at 2025-05-30 17:53:00.
2025-05-30 17:53:13,998 | Action: Employee Logout | By: yash@gmail.com | Details: Employee 'Yash Anant Malviya' logged out with at time 2025-05-30 17:53:13.
2025-05-30 17:53:23,399 | Action: Employee Login | By: yash@gmail.com | Details: Employee 'Yash Anant Malviya' logged in at 2025-05-30 17:53:23.
2025-05-30 17:54:02,620 | Action: Employee Logout | By: yash@gmail.com | Details: Employee 'Yash Anant Malviya' logged out with at time 2025-05-30 17:54:02.
2025-05-30 17:54:12,843 | Action: Employee Login | By: yash@gmail.com | Details: Employee 'Yash Anant Malviya' logged in at 2025-05-30 17:54:12.
2025-05-30 17:54:28,962 | Action: Employee Logout | By: yash@gmail.com | Details: Employee 'Yash Anant Malviya' logged out with at time 2025-05-30 17:54:28.
2025-05-30 17:54:37,604 | Action: Employee Login | By: yash@gmail.com | Details: Employee 'Yash Anant Malviya' logged in at 2025-05-30 17:54:37.
2025-05-30 17:55:07,541 | Action: Employee Logout | By: yash@gmail.com | Details: Employee 'Yash Anant Malviya' logged out with at time 2025-05-30 17:55:07.
2025-05-30 17:55:18,421 | Action: Employee Login | By: yash@gmail.com | Details: Employee 'Yash Anant Malviya' logged in at 2025-05-30 17:55:18.
2025-05-30 17:56:40,060 | Action: Employee Logout | By: yash@gmail.com | Details: Employee 'Yash Anant Malviya' logged out with at time 2025-05-30 17:56:40.
2025-05-30 17:57:25,933 | Action: Employee Logout | By: Anonymous | Details: Employee 'None' logged out with at time 2025-05-30 17:57:25.
2025-05-30 17:57:38,067 | Action: Employee Login | By: yash@gmail.com | Details: Employee 'Yash Anant Malviya' logged in at 2025-05-30 17:57:38.
2025-05-30 18:28:34,155 | Action: Employee Logout | By: yash@gmail.com | Details: Employee 'Yash Anant Malviya' logged out with at time 2025-05-30 18:28:34.
2025-05-30 18:28:37,606 | Action: Employee Login | By: apurvmalviya@gmail.com | Details: Employee 'Apurv Malviya' logged in at 2025-05-30 18:28:37.
2025-05-30 18:43:46,945 | Action: Employee Logout | By: apurvmalviya@gmail.com | Details: Employee 'Apurv Malviya' logged out with at time 2025-05-30 18:43:46.
2025-05-31 12:25:22,781 | Action: Employee Login | By: apurvmalviya@gmail.com | Details: Employee 'Apurv Malviya' logged in at 2025-05-31 12:25:22.
2025-05-31 12:59:48,346 | Action: Employee Login | By: apurvmalviya@gmail.com | Details: Employee 'Apurv Malviya' logged in at 2025-05-31 12:59:48.
2025-05-31 14:39:41,280 | Action: Employee Logout | By: apurvmalviya@gmail.com | Details: Employee 'Apurv Malviya' logged out with at time 2025-05-31 14:39:41.
2025-05-31 14:39:45,468 | Action: Employee Login | By: chandresh@gmail.com | Details: Employee 'Chandresh Srivas' logged in at 2025-05-31 14:39:45.
2025-05-31 14:42:15,989 | Action: Employee Logout | By: chandresh@gmail.com | Details: Employee 'Chandresh Srivas' logged out with at time 2025-05-31 14:42:15.
2025-05-31 14:42:19,961 | Action: Employee Login | By: apurvmalviya@gmail.com | Details: Employee 'Apurv Malviya' logged in at 2025-05-31 14:42:19.
2025-06-03 16:12:47,900 | Action: Employee Login | By: apurvmalviya@gmail.com | Details: Employee 'Apurv Malviya' logged in at 2025-06-03 16:12:47.
2025-06-04 15:26:02,205 | Action: Employee Login | By: apurvmalviya@gmail.com | Details: Employee 'Apurv Malviya' logged in at 2025-06-04 15:26:02.
2025-06-04 16:11:39,902 | Action: Employee Logout | By: apurvmalviya@gmail.com | Details: Employee 'Apurv Malviya' logged out with at time 2025-06-04 16:11:39.
2025-06-04 17:14:01,549 | Action: Employee Login | By: apurvmalviya@gmail.com | Details: Employee 'Apurv Malviya' logged in at 2025-06-04 17:14:01.
2025-06-04 17:14:27,708 | Action: Employee Logout | By: apurvmalviya@gmail.com | Details: Employee 'Apurv Malviya' logged out with at time 2025-06-04 17:14:27.
2025-06-04 17:14:41,583 | Action: Employee Login | By: nischal@gmail.com | Details: Employee 'Nischal Katara' logged in at 2025-06-04 17:14:41.
2025-06-04 17:15:06,445 | Action: Employee Logout | By: nischal@gmail.com | Details: Employee 'Nischal Katara' logged out with at time 2025-06-04 17:15:06.
2025-06-04 17:15:14,283 | Action: Employee Login | By: apurvmalviya@gmail.com | Details: Employee 'Apurv Malviya' logged in at 2025-06-04 17:15:14.
2025-06-05 12:24:09,518 | Action: Employee Login | By: apurvmalviya@gmail.com | Details: Employee 'Apurv Malviya' logged in at 2025-06-05 12:24:09.
2025-06-05 12:28:31,515 | Action: Employee Logout | By: apurvmalviya@gmail.com | Details: Employee 'Apurv Malviya' logged out with at time 2025-06-05 12:28:31.
2025-06-05 12:28:44,241 | Action: Employee Login | By: gaurav@gmail.com | Details: Employee 'Gaurav Singh Bhandari' logged in at 2025-06-05 12:28:44.
2025-06-05 12:29:37,208 | Action: Employee Logout | By: gaurav@gmail.com | Details: Employee 'Gaurav Singh Bhandari' logged out with at time 2025-06-05 12:29:37.
2025-06-05 12:29:41,719 | Action: Employee Login | By: apurvmalviya@gmail.com | Details: Employee 'Apurv Malviya' logged in at 2025-06-05 12:29:41.
2025-06-05 12:29:53,778 | Action: Employee Logout | By: apurvmalviya@gmail.com | Details: Employee 'Apurv Malviya' logged out with at time 2025-06-05 12:29:53.
2025-06-05 12:29:58,638 | Action: Employee Login | By: nischal@gmail.com | Details: Employee 'Nischal Katara' logged in at 2025-06-05 12:29:58.
2025-06-05 12:30:39,221 | Action: UPDATE_EMPLOYEE | By: nischal@gmail.com | Details: Employee 'Gaurav Singh Bhandari' update with ID 5.
2025-06-05 12:31:08,241 | Action: Employee Logout | By: nischal@gmail.com | Details: Employee 'Nischal Katara' logged out with at time 2025-06-05 12:31:08.
2025-06-05 12:31:17,627 | Action: Employee Login | By: apurvmalviya@gmail.com | Details: Employee 'Apurv Malviya' logged in at 2025-06-05 12:31:17.
2025-06-06 13:12:21,632 | Action: Employee Logout | By: apurvmalviya@gmail.com | Details: Employee 'Apurv Malviya' logged out with at time 2025-06-06 13:12:21.
2025-06-06 13:12:37,846 | Action: Employee Login | By: apurvmalviya@gmail.com | Details: Employee 'Apurv Malviya' logged in at 2025-06-06 13:12:37.
2025-06-06 13:13:05,115 | Action: Employee Logout | By: apurvmalviya@gmail.com | Details: Employee 'Apurv Malviya' logged out with at time 2025-06-06 13:13:05.
2025-06-06 13:14:31,402 | Action: Employee Login | By: gaurav12@gmail.com | Details: Employee 'Gaurav Singh Bhandari' logged in at 2025-06-06 13:14:31.
2025-06-06 14:31:29,550 | Action: Employee Logout | By: gaurav12@gmail.com | Details: Employee 'Gaurav Singh Bhandari' logged out with at time 2025-06-06 14:31:29.
2025-06-06 14:31:34,071 | Action: Employee Login | By: apurvmalviya@gmail.com | Details: Employee 'Apurv Malviya' logged in at 2025-06-06 14:31:34.
2025-06-11 14:04:43,207 | Action: Employee Logout | By: apurvmalviya@gmail.com | Details: Employee 'Apurv Malviya' logged out with at time 2025-06-11 14:04:43.
2025-06-11 14:05:20,519 | Action: Employee Login | By: yash@gmail.com | Details: Employee 'Yash Anant Malviya' logged in at 2025-06-11 14:05:20.
2025-06-11 14:05:51,058 | Action: Employee Logout | By: yash@gmail.com | Details: Employee 'Yash Anant Malviya' logged out with at time 2025-06-11 14:05:51.
2025-06-11 14:05:55,682 | Action: Employee Login | By: apurvmalviya@gmail.com | Details: Employee 'Apurv Malviya' logged in at 2025-06-11 14:05:55.
2025-06-11 14:06:01,387 | Action: Employee Logout | By: apurvmalviya@gmail.com | Details: Employee 'Apurv Malviya' logged out with at time 2025-06-11 14:06:01.
2025-06-11 14:06:06,277 | Action: Employee Login | By: yash@gmail.com | Details: Employee 'Yash Anant Malviya' logged in at 2025-06-11 14:06:06.
2025-06-11 14:14:55,962 | Action: Employee Logout | By: yash@gmail.com | Details: Employee 'Yash Anant Malviya' logged out with at time 2025-06-11 14:14:55.
2025-06-11 14:15:00,105 | Action: Employee Login | By: apurvmalviya@gmail.com | Details: Employee 'Apurv Malviya' logged in at 2025-06-11 14:15:00.
2025-06-11 16:11:26,742 | Action: Employee Logout | By: apurvmalviya@gmail.com | Details: Employee 'Apurv Malviya' logged out with at time 2025-06-11 16:11:26.
2025-06-11 16:11:34,681 | Action: Employee Login | By: apurvmalviya27@gmail.com | Details: Employee 'Apurv Malviya' logged in at 2025-06-11 16:11:34.
2025-06-11 18:06:50,782 | Action: Employee Logout | By: apurvmalviya27@gmail.com | Details: Employee 'Apurv Malviya' logged out with at time 2025-06-11 18:06:50.
2025-06-11 18:06:59,180 | Action: Employee Login | By: yash@gmail.com | Details: Employee 'Yash Anant Malviya' logged in at 2025-06-11 18:06:59.
2025-06-11 18:08:48,127 | Action: Employee Logout | By: yash@gmail.com | Details: Employee 'Yash Anant Malviya' logged out with at time 2025-06-11 18:08:48.
2025-06-11 18:08:54,638 | Action: Employee Login | By: nischal@gmail.com | Details: Employee 'Nischal Katara' logged in at 2025-06-11 18:08:54.
2025-06-11 18:09:22,956 | Action: Employee Logout | By: nischal@gmail.com | Details: Employee 'Nischal Katara' logged out with at time 2025-06-11 18:09:22.
2025-06-11 18:09:28,165 | Action: Employee Login | By: yash@gmail.com | Details: Employee 'Yash Anant Malviya' logged in at 2025-06-11 18:09:28.
2025-06-11 18:21:21,199 | Action: Employee Logout | By: yash@gmail.com | Details: Employee 'Yash Anant Malviya' logged out with at time 2025-06-11 18:21:21.
2025-06-11 18:21:25,886 | Action: Employee Login | By: apurvmalviya27@gmail.com | Details: Employee 'Apurv Malviya' logged in at 2025-06-11 18:21:25.
2025-06-11 18:21:29,431 | Action: Employee Logout | By: apurvmalviya27@gmail.com | Details: Employee 'Apurv Malviya' logged out with at time 2025-06-11 18:21:29.
2025-06-11 18:21:35,586 | Action: Employee Login | By: nischal@gmail.com | Details: Employee 'Nischal Katara' logged in at 2025-06-11 18:21:35.
2025-06-11 18:21:45,982 | Action: Employee Logout | By: nischal@gmail.com | Details: Employee 'Nischal Katara' logged out with at time 2025-06-11 18:21:45.
2025-06-11 18:21:51,189 | Action: Employee Login | By: apurvmalviya27@gmail.com | Details: Employee 'Apurv Malviya' logged in at 2025-06-11 18:21:51.
